  parser.cpp
  make_VHDL.cpp
  instruction_templates.cpp
d:\my documents\c++ projects\vhdl_fsm\vhdl_fsm\instruction_templates.cpp(119): warning C4474: 'fprintf' : too many arguments passed for format string
  d:\my documents\c++ projects\vhdl_fsm\vhdl_fsm\instruction_templates.cpp(119): note: placeholders and their parameters expect 0 variadic arguments, but 1 were provided
d:\my documents\c++ projects\vhdl_fsm\vhdl_fsm\instruction_templates.cpp(182): warning C4474: 'fprintf' : too many arguments passed for format string
  d:\my documents\c++ projects\vhdl_fsm\vhdl_fsm\instruction_templates.cpp(182): note: placeholders and their parameters expect 0 variadic arguments, but 1 were provided
d:\my documents\c++ projects\vhdl_fsm\vhdl_fsm\instruction_templates.cpp(413): warning C4474: 'fprintf' : too many arguments passed for format string
  d:\my documents\c++ projects\vhdl_fsm\vhdl_fsm\instruction_templates.cpp(413): note: placeholders and their parameters expect 2 variadic arguments, but 3 were provided
d:\my documents\c++ projects\vhdl_fsm\vhdl_fsm\instruction_templates.cpp(415): warning C4474: 'fprintf' : too many arguments passed for format string
  d:\my documents\c++ projects\vhdl_fsm\vhdl_fsm\instruction_templates.cpp(415): note: placeholders and their parameters expect 2 variadic arguments, but 3 were provided
d:\my documents\c++ projects\vhdl_fsm\vhdl_fsm\instruction_templates.cpp(433): warning C4474: 'fprintf' : too many arguments passed for format string
  d:\my documents\c++ projects\vhdl_fsm\vhdl_fsm\instruction_templates.cpp(433): note: placeholders and their parameters expect 2 variadic arguments, but 3 were provided
d:\my documents\c++ projects\vhdl_fsm\vhdl_fsm\instruction_templates.cpp(436): warning C4474: 'fprintf' : too many arguments passed for format string
  d:\my documents\c++ projects\vhdl_fsm\vhdl_fsm\instruction_templates.cpp(436): note: placeholders and their parameters expect 2 variadic arguments, but 3 were provided
  Generating Code...
  Compiling...
  main.cpp
  Generating Code...
  VHDL_FSM.vcxproj -> D:\My Documents\C++ Projects\VHDL_FSM\Debug\VHDL_FSM.exe
